[    0.000000] Initializing cgroup subsys cpuset
[    0.000000] Initializing cgroup subsys cpu
[    0.000000] Initializing cgroup subsys cpuacct
[    0.000000] Linux version 4.4.0-190-generic (buildd@lcy01-amd64-026) (gcc version 5.4.0 20160609 (Ubuntu 5.4.0-6ubuntu1~16.04.12) ) #220-Ubuntu SMP Fri Aug 28 23:02:15 UTC 2020 (Ubuntu 4.4.0-190.220-generic 4.4.233)
[    0.000000] Command line: BOOT_IMAGE=/boot/vmlinuz-4.4.0-190-generic root=LABEL=cloudimg-rootfs ro console=tty1 console=ttyS0
[    0.000000] KERNEL supported cpus:
[    0.000000]   Intel GenuineIntel
[    0.000000]   AMD AuthenticAMD
[    0.000000]   Centaur CentaurHauls
[    0.000000] x86/fpu: Legacy x87 FPU detected.
[    0.000000] e820: BIOS-provided physical RAM map:
[    0.000000] BIOS-e820: [mem 0x0000000000000000-0x000000000009fbff] usable
[    0.000000] BIOS-e820: [mem 0x000000000009fc00-0x000000000009ffff] reserved
[    0.000000] BIOS-e820: [mem 0x00000000000f0000-0x00000000000fffff] reserved
[    0.000000] BIOS-e820: [mem 0x0000000000100000-0x000000003ffeffff] usable
[    0.000000] BIOS-e820: [mem 0x000000003fff0000-0x000000003fffffff] ACPI data
[    0.000000] BIOS-e820: [mem 0x00000000fec00000-0x00000000fec00fff] reserved
[    0.000000] BIOS-e820: [mem 0x00000000fee00000-0x00000000fee00fff] reserved
[    0.000000] BIOS-e820: [mem 0x00000000fffc0000-0x00000000ffffffff] reserved
[    0.000000] NX (Execute Disable) protection: active
[    0.000000] SMBIOS 2.5 present.
[    0.000000] Hypervisor detected: KVM
[    0.000000] e820: last_pfn = 0x3fff0 max_arch_pfn = 0x400000000
[    0.000000] MTRR: Disabled
[    0.000000] x86/PAT: MTRRs disabled, skipping PAT initialization too.
[    0.000000] CPU MTRRs all blank - virtualized system.
[    0.000000] x86/PAT: Configuration [0-7]: WB  WT  UC- UC  WB  WT  UC- UC  
[    0.000000] found SMP MP-table at [mem 0x0009fff0-0x0009ffff] mapped at [ffff88000009fff0]
[    0.000000] Scanning 1 areas for low memory corruption
[    0.000000] RAMDISK: [mem 0x362e0000-0x37167fff]
[    0.000000] ACPI: Early table checksum verification disabled
[    0.000000] ACPI: RSDP 0x00000000000E0000 000024 (v02 VBOX  )
[    0.000000] ACPI: XSDT 0x000000003FFF0030 00003C (v01 VBOX   VBOXXSDT 00000001 ASL  00000061)
[    0.000000] ACPI: FACP 0x000000003FFF00F0 0000F4 (v04 VBOX   VBOXFACP 00000001 ASL  00000061)
[    0.000000] ACPI: DSDT 0x000000003FFF0470 002325 (v02 VBOX   VBOXBIOS 00000002 INTL 20100528)
[    0.000000] ACPI: FACS 0x000000003FFF0200 000040
[    0.000000] ACPI: FACS 0x000000003FFF0200 000040
[    0.000000] ACPI: APIC 0x000000003FFF0240 00005C (v02 VBOX   VBOXAPIC 00000001 ASL  00000061)
[    0.000000] ACPI: SSDT 0x000000003FFF02A0 0001CC (v01 VBOX   VBOXCPUT 00000002 INTL 20100528)
[    0.000000] No NUMA configuration found
[    0.000000] Faking a node at [mem 0x0000000000000000-0x000000003ffeffff]
[    0.000000] NODE_DATA(0) allocated [mem 0x3ffeb000-0x3ffeffff]
[    0.000000] kvm-clock: Using msrs 4b564d01 and 4b564d00
[    0.000000] kvm-clock: cpu 0, msr 0:3ffe3001, primary cpu clock
[    0.000000] kvm-clock: using sched offset of 5057821117 cycles
[    0.000000] clocksource: kvm-clock: mask: 0xffffffffffffffff max_cycles: 0x1cd42e4dffb, max_idle_ns: 881590591483 ns
[    0.000000] Zone ranges:
[    0.000000]   DMA      [mem 0x0000000000001000-0x0000000000ffffff]
[    0.000000]   DMA32    [mem 0x0000000001000000-0x000000003ffeffff]
[    0.000000]   Normal   empty
[    0.000000]   Device   empty
[    0.000000] Movable zone start for each node
[    0.000000] Early memory node ranges
[    0.000000]   node   0: [mem 0x0000000000001000-0x000000000009efff]
[    0.000000]   node   0: [mem 0x0000000000100000-0x000000003ffeffff]
[    0.000000] Initmem setup node 0 [mem 0x0000000000001000-0x000000003ffeffff]
[    0.000000] ACPI: PM-Timer IO Port: 0x4008
[    0.000000] IOAPIC[0]: apic_id 2, version 32, address 0xfec00000, GSI 0-23
[    0.000000] ACPI: INT_SRC_OVR (bus 0 bus_irq 0 global_irq 2 dfl dfl)
[    0.000000] ACPI: INT_SRC_OVR (bus 0 bus_irq 9 global_irq 9 low level)
[    0.000000] Using ACPI (MADT) for SMP configuration information
[    0.000000] smpboot: Allowing 2 CPUs, 0 hotplug CPUs
[    0.000000] PM: Registered nosave memory: [mem 0x00000000-0x00000fff]
[    0.000000] PM: Registered nosave memory: [mem 0x0009f000-0x0009ffff]
[    0.000000] PM: Registered nosave memory: [mem 0x000a0000-0x000effff]
[    0.000000] PM: Registered nosave memory: [mem 0x000f0000-0x000fffff]
[    0.000000] e820: [mem 0x40000000-0xfebfffff] available for PCI devices
[    0.000000] Booting paravirtualized kernel on KVM
[    0.000000] clocksource: refined-jiffies: mask: 0xffffffff max_cycles: 0xffffffff, max_idle_ns: 7645519600211568 ns
[    0.000000] setup_percpu: NR_CPUS:512 nr_cpumask_bits:512 nr_cpu_ids:2 nr_node_ids:1
[    0.000000] PERCPU: Embedded 33 pages/cpu @ffff88003fc00000 s95512 r8192 d31464 u1048576
[    0.000000] Built 1 zonelists in Node order, mobility grouping on.  Total pages: 257912
[    0.000000] Policy zone: DMA32
[    0.000000] Kernel command line: BOOT_IMAGE=/boot/vmlinuz-4.4.0-190-generic root=LABEL=cloudimg-rootfs ro console=tty1 console=ttyS0
[    0.000000] PID hash table entries: 4096 (order: 3, 32768 bytes)
[    0.000000] Memory: 997664K/1048120K available (8636K kernel code, 1337K rwdata, 4040K rodata, 1492K init, 1296K bss, 50456K reserved, 0K cma-reserved)
[    0.000000] SLUB: HWalign=64, Order=0-3, MinObjects=0, CPUs=2, Nodes=1
[    0.000000] Kernel/User page tables isolation: enabled
[    0.000000] Hierarchical RCU implementation.
[    0.000000] 	Build-time adjustment of leaf fanout to 64.
[    0.000000] 	RCU restricting CPUs from NR_CPUS=512 to nr_cpu_ids=2.
[    0.000000] RCU: Adjusting geometry for rcu_fanout_leaf=64, nr_cpu_ids=2
[    0.000000] NR_IRQS:33024 nr_irqs:440 16
[    0.000000] Console: colour VGA+ 80x25
[    0.000000] console [tty1] enabled
[    0.000000] console [ttyS0] enabled
[    0.000000] tsc: Detected 3199.998 MHz processor
[    0.760527] Calibrating delay loop (skipped) preset value.. 6399.99 BogoMIPS (lpj=12799992)
[    0.769214] pid_max: default: 32768 minimum: 301
[    0.773906] ACPI: Core revision 20150930
[    0.779192] ACPI: 2 ACPI AML tables successfully acquired and loaded
[    0.786615] Security Framework initialized
[    0.790734] Yama: becoming mindful.
[    0.794724] AppArmor: AppArmor initialized
[    0.800064] Dentry cache hash table entries: 131072 (order: 8, 1048576 bytes)
[    0.815960] Inode-cache hash table entries: 65536 (order: 7, 524288 bytes)
[    0.825812] Mount-cache hash table entries: 2048 (order: 2, 16384 bytes)
[    0.833603] Mountpoint-cache hash table entries: 2048 (order: 2, 16384 bytes)
[    0.844507] Initializing cgroup subsys io
[    0.850052] Initializing cgroup subsys memory
[    0.855304] Initializing cgroup subsys devices
[    0.860652] Initializing cgroup subsys freezer
[    0.865412] Initializing cgroup subsys net_cls
[    0.871309] Initializing cgroup subsys perf_event
[    0.877973] Initializing cgroup subsys net_prio
[    0.883472] Initializing cgroup subsys hugetlb
[    0.888996] Initializing cgroup subsys pids
[    0.894366] mce: CPU supports 0 MCE banks
[    0.899889] Last level iTLB entries: 4KB 512, 2MB 7, 4MB 7
[    0.905415] Last level dTLB entries: 4KB 512, 2MB 32, 4MB 32, 1GB 0
[    0.911999] Spectre V1 : Mitigation: usercopy/swapgs barriers and __user pointer sanitization
[    0.922706] Spectre V2 : Mitigation: Full generic retpoline
[    0.928920] Spectre V2 : Spectre v2 / SpectreRSB mitigation: Filling RSB on context switch
[    0.937898] Speculative Store Bypass: Vulnerable
[    0.943587] MDS: Vulnerable: Clear CPU buffers attempted, no microcode
[    0.982205] Freeing SMP alternatives memory: 36K
[    1.056456] ftrace: allocating 32339 entries in 127 pages
[    1.868216] smpboot: APIC(0) Converting physical 0 to logical package 0
[    1.875555] smpboot: Max logical packages: 1
[    1.901599] ..TIMER: vector=0x30 apic1=0 pin1=2 apic2=-1 pin2=-1
[    2.017703] smpboot: CPU0: Intel(R) Xeon(R) CPU           W3670  @ 3.20GHz (family: 0x6, model: 0x2c, stepping: 0x2)
[    2.032864] Performance Events: unsupported p6 CPU model 44 no PMU driver, software events only.
[    2.108541] KVM setup paravirtual spinlock
[    2.116587] x86: Booting SMP configuration:
[    2.120729] .... node  #0, CPUs:      #1
[    2.126642] kvm-clock: cpu 1, msr 0:3ffe3041, secondary cpu clock
[    2.131258] mce: CPU supports 0 MCE banks
[    2.134894] TSC synchronization [CPU#0 -> CPU#1]:
[    2.139830] Measured 93416 cycles TSC warp between CPUs, turning off TSC clock.
[    2.146899] tsc: Marking TSC unstable due to check_tsc_sync_source failed
[    0.496022] x86: Booted up 1 node, 2 CPUs
[    0.500005] smpboot: Total of 2 processors activated (12799.99 BogoMIPS)
[    0.512834] devtmpfs: initialized
[    0.521322] evm: security.selinux
[    0.524003] evm: security.SMACK64
[    0.528003] evm: security.SMACK64EXEC
[    0.532004] evm: security.SMACK64TRANSMUTE
[    0.536003] evm: security.SMACK64MMAP
[    0.540003] evm: security.ima
[    0.544003] evm: security.capability
[    0.552517] clocksource: jiffies: mask: 0xffffffff max_cycles: 0xffffffff, max_idle_ns: 7645041785100000 ns
[    0.556045] futex hash table entries: 512 (order: 3, 32768 bytes)
[    0.564238] pinctrl core: initialized pinctrl subsystem
[    0.568381] RTC time:  2:58:37, date: 09/30/20
[    0.573548] NET: Registered protocol family 16
[    0.588013] cpuidle: using governor ladder
[    0.604012] cpuidle: using governor menu
[    0.608008] PCCT header not found.
[    0.612099] ACPI: bus type PCI registered
[    0.616005] acpiphp: ACPI Hot Plug PCI Controller Driver version: 0.5
[    0.624100] PCI: Using configuration type 1 for base access
[    0.656186] ACPI: Added _OSI(Module Device)
[    0.660004] ACPI: Added _OSI(Processor Device)
[    0.664004] ACPI: Added _OSI(3.0 _SCP Extensions)
[    0.668004] ACPI: Added _OSI(Processor Aggregator Device)
[    0.673348] ACPI: Executed 1 blocks of module-level executable AML code
[    0.688526] ACPI: Interpreter enabled
[    0.692015] ACPI: (supports S0 S5)
[    0.696004] ACPI: Using IOAPIC for interrupt routing
[    0.700373] PCI: Using host bridge windows from ACPI; if necessary, use "pci=nocrs" and report a bug
[    0.716200] ACPI: PCI Root Bridge [PCI0] (domain 0000 [bus 00-ff])
[    0.720078] acpi PNP0A03:00: _OSC: OS supports [ASPM ClockPM Segments MSI]
[    0.728309] acpi PNP0A03:00: _OSC: not requesting OS control; OS requires [ExtendedConfig ASPM ClockPM MSI]
[    0.732013] acpi PNP0A03:00: fail to add MMCONFIG information, can't access extended PCI configuration space under this bridge.
[    0.737020] PCI host bridge to bus 0000:00
[    0.740006] pci_bus 0000:00: root bus resource [io  0x0000-0x0cf7 window]
[    0.744006] pci_bus 0000:00: root bus resource [io  0x0d00-0xffff window]
[    0.748006] pci_bus 0000:00: root bus resource [mem 0x000a0000-0x000bffff window]
[    0.752006] pci_bus 0000:00: root bus resource [mem 0x40000000-0xfdffffff window]
[    0.756006] pci_bus 0000:00: root bus resource [bus 00-ff]
[    0.765267] pci 0000:00:01.1: legacy IDE quirk: reg 0x10: [io  0x01f0-0x01f7]
[    0.768005] pci 0000:00:01.1: legacy IDE quirk: reg 0x14: [io  0x03f6]
[    0.772007] pci 0000:00:01.1: legacy IDE quirk: reg 0x18: [io  0x0170-0x0177]
[    0.776005] pci 0000:00:01.1: legacy IDE quirk: reg 0x1c: [io  0x0376]
[    0.852766] pci 0000:00:07.0: quirk: [io  0x4000-0x403f] claimed by PIIX4 ACPI
[    0.884038] pci 0000:00:07.0: quirk: [io  0x4100-0x410f] claimed by PIIX4 SMB
[    0.929051] ACPI: PCI Interrupt Link [LNKA] (IRQs 5 9 10 *11)
[    0.996471] ACPI: PCI Interrupt Link [LNKB] (IRQs 5 9 *10 11)
[    1.020179] ACPI: PCI Interrupt Link [LNKC] (IRQs 5 *9 10 11)
[    1.040178] ACPI: PCI Interrupt Link [LNKD] (IRQs 5 9 10 *11)
[    1.060248] ACPI: Enabled 2 GPEs in block 00 to 07
[    1.076530] vgaarb: setting as boot device: PCI:0000:00:02.0
[    1.080000] vgaarb: device added: PCI:0000:00:02.0,decodes=io+mem,owns=io+mem,locks=none
[    1.112007] vgaarb: loaded
[    1.120004] vgaarb: bridge control possible 0000:00:02.0
[    1.136827] SCSI subsystem initialized
[    1.148126] ACPI: bus type USB registered
[    1.156060] usbcore: registered new interface driver usbfs
[    1.168018] usbcore: registered new interface driver hub
[    1.180209] usbcore: registered new device driver usb
[    1.196719] PCI: Using ACPI for IRQ routing
[    1.212913] NetLabel: Initializing
[    1.220004] NetLabel:  domain hash size = 128
[    1.232004] NetLabel:  protocols = UNLABELED CIPSOv4
[    1.248023] NetLabel:  unlabeled traffic allowed by default
[    1.260181] amd_nb: Cannot enumerate AMD northbridges
[    1.276412] clocksource: Switched to clocksource kvm-clock
[    1.334666] AppArmor: AppArmor Filesystem Enabled
[    1.340930] pnp: PnP ACPI init
[    1.345859] pnp: PnP ACPI: found 3 devices
[    1.360479] clocksource: acpi_pm: mask: 0xffffff max_cycles: 0xffffff, max_idle_ns: 2085701024 ns
[    1.369638] NET: Registered protocol family 2
[    1.375976] TCP established hash table entries: 8192 (order: 4, 65536 bytes)
[    1.378695] TCP bind hash table entries: 8192 (order: 5, 131072 bytes)
[    1.378695] TCP: Hash tables configured (established 8192 bind 8192)
[    1.378695] UDP hash table entries: 512 (order: 2, 16384 bytes)
[    1.378695] UDP-Lite hash table entries: 512 (order: 2, 16384 bytes)
[    1.378695] NET: Registered protocol family 1
[    1.378695] pci 0000:00:00.0: Limiting direct PCI/PCI transfers
[    1.378695] pci 0000:00:01.0: Activating ISA DMA hang workarounds
[    1.378695] Unpacking initramfs...
[    1.378695] Freeing initrd memory: 14880K
[    1.378695] clocksource: tsc: mask: 0xffffffffffffffff max_cycles: 0x2e204823bcd, max_idle_ns: 440795224253 ns
[    1.378695] platform rtc_cmos: registered platform RTC device (no PNP device found)
[    1.378695] Scanning for low memory corruption every 60 seconds
[    1.999620] audit: initializing netlink subsys (disabled)
[    2.006639] audit: type=2000 audit(1601434723.938:1): initialized
[    2.010293] Initialise system trusted keyring
[    2.018970] HugeTLB registered 2 MB page size, pre-allocated 0 pages
[    2.029656] zbud: loaded
[    2.030391] VFS: Disk quotas dquot_6.6.0
[    2.030391] VFS: Dquot-cache hash table entries: 512 (order 0, 4096 bytes)
[    2.030391] squashfs: version 4.0 (2009/01/31) Phillip Lougher
[    2.053340] fuse init (API version 7.23)
[    2.059135] Key type big_key registered
[    2.062617] Allocating IMA MOK and blacklist keyrings.
[    2.080830] Key type asymmetric registered
[    2.085093] Asymmetric key parser 'x509' registered
[    2.090124] Block layer SCSI generic (bsg) driver version 0.4 loaded (major 249)
[    2.100075] io scheduler noop registered
[    2.104181] io scheduler deadline registered (default)
[    2.110760] io scheduler cfq registered
[    2.115371] pci_hotplug: PCI Hot Plug PCI Core version: 0.5
[    2.122480] pciehp: PCI Express Hot Plug Controller Driver version: 0.4
[    2.130577] ACPI: AC Adapter [AC] (on-line)
[    2.135591] input: Power Button as /devices/LNXSYSTM:00/LNXPWRBN:00/input/input0
[    2.144397] ACPI: Power Button [PWRF]
[    2.149534] input: Sleep Button as /devices/LNXSYSTM:00/LNXSLPBN:00/input/input1
[    2.157798] ACPI: Sleep Button [SLPF]
[    2.162799] GHES: HEST is not enabled!
[    2.168342] Serial: 8250/16550 driver, 32 ports, IRQ sharing enabled
[    2.202439] 00:02: ttyS0 at I/O 0x3f8 (irq = 4, base_baud = 115200) is a 16550A
[    2.238683] Linux agpgart interface v0.103
[    2.263488] loop: module loaded
[    2.271581] scsi host0: ata_piix
[    2.277457] scsi host1: ata_piix
[    2.281130] ata1: PATA max UDMA/33 cmd 0x1f0 ctl 0x3f6 bmdma 0xd000 irq 14
[    2.285034] ata2: PATA max UDMA/33 cmd 0x170 ctl 0x376 bmdma 0xd008 irq 15
[    2.296526] libphy: Fixed MDIO Bus: probed
[    2.302367] tun: Universal TUN/TAP device driver, 1.6
[    2.308854] tun: (C) 1999-2004 Max Krasnyansky <maxk@qualcomm.com>
[    2.315709] PPP generic driver version 2.4.2
[    2.322231] ehci_hcd: USB 2.0 'Enhanced' Host Controller (EHCI) Driver
[    2.329172] ehci-pci: EHCI PCI platform driver
[    2.333913] ehci-platform: EHCI generic platform driver
[    2.339355] ohci_hcd: USB 1.1 'Open' Host Controller (OHCI) Driver
[    2.346364] ohci-pci: OHCI PCI platform driver
[    2.351224] ohci-platform: OHCI generic platform driver
[    2.357235] uhci_hcd: USB Universal Host Controller Interface driver
[    2.363553] i8042: PNP: PS/2 Controller [PNP0303:PS2K,PNP0f03:PS2M] at 0x60,0x64 irq 1,12
[    2.378179] serio: i8042 KBD port at 0x60,0x64 irq 1
[    2.380626] serio: i8042 AUX port at 0x60,0x64 irq 12
[    2.390151] mousedev: PS/2 mouse device common for all mice
[    2.401079] rtc_cmos rtc_cmos: rtc core: registered rtc_cmos as rtc0
[    2.410877] rtc_cmos rtc_cmos: alarms up to one day, 114 bytes nvram
[    2.419816] i2c /dev entries driver
[    2.425128] input: AT Translated Set 2 keyboard as /devices/platform/i8042/serio0/input/input2
[    2.434142] device-mapper: uevent: version 1.0.3
[    2.440858] device-mapper: ioctl: 4.34.0-ioctl (2015-10-28) initialised: dm-devel@redhat.com
[    2.450361] ledtrig-cpu: registered to indicate activity on CPUs
[    2.488778] NET: Registered protocol family 10
[    2.494361] NET: Registered protocol family 17
[    2.499090] Key type dns_resolver registered
[    2.524533] registered taskstats version 1
[    2.528228] Loading compiled-in X.509 certificates
[    2.535880] Loaded X.509 cert 'Build time autogenerated kernel key: b89e9ea735e1dbde81c7786f041ecf1d53e71c2e'
[    2.538818] zswap: loaded using pool lzo/zbud
[    2.557308] Key type trusted registered
[    2.573122] Key type encrypted registered
[    2.577805] AppArmor: AppArmor sha1 policy hashing enabled
[    2.583882] ima: No TPM chip found, activating TPM-bypass!
[    2.590466] ima: Allocated hash algorithm: sha1
[    2.595168] evm: HMAC attrs: 0x1
[    2.601086]   Magic number: 4:924:966
[    2.605426] rtc_cmos rtc_cmos: setting system clock to 2020-09-30 02:58:39 UTC (1601434719)
[    2.614584] BIOS EDD facility v0.16 2004-Jun-25, 0 devices found
[    2.620597] EDD information not available.
[    2.627718] Freeing unused kernel memory: 1492K
[    2.633090] Write protecting the kernel read-only data: 14336k
[    2.640690] Freeing unused kernel memory: 1592K
[    2.646189] Freeing unused kernel memory: 56K
Loading, please wait...
starting version 229
[    2.690360] random: systemd-udevd: uninitialized urandom read (16 bytes read, 5 bits of entropy available)
[    2.691378] random: udevadm: uninitialized urandom read (16 bytes read, 5 bits of entropy available)
[    2.691408] random: udevadm: uninitialized urandom read (16 bytes read, 5 bits of entropy available)
[    2.711024] random: udevadm: uninitialized urandom read (16 bytes read, 5 bits of entropy available)
[    2.711083] random: udevadm: uninitialized urandom read (16 bytes read, 5 bits of entropy available)
[    2.711376] random: udevadm: uninitialized urandom read (16 bytes read, 5 bits of entropy available)
[    2.711510] random: udevadm: uninitialized urandom read (16 bytes read, 5 bits of entropy available)
[    2.711599] random: udevadm: uninitialized urandom read (16 bytes read, 5 bits of entropy available)
[    2.711770] random: udevadm: uninitialized urandom read (16 bytes read, 5 bits of entropy available)
[    2.711862] random: udevadm: uninitialized urandom read (16 bytes read, 5 bits of entropy available)
[    2.900438] Fusion MPT base driver 3.04.20
[    2.905594] Copyright (c) 1999-2008 LSI Corporation
[    2.913253] e1000: Intel(R) PRO/1000 Network Driver - version 7.3.21-k8-NAPI
[    2.922141] e1000: Copyright (c) 1999-2006 Intel Corporation.
[    2.955052] Fusion MPT SPI Host driver 3.04.20
[    3.765005] input: ImExPS/2 Generic Explorer Mouse as /devices/platform/i8042/serio1/input/input4
[    3.803542] e1000 0000:00:03.0 eth0: (PCI:33MHz:32-bit) 02:83:3c:85:18:ff
[    3.812457] e1000 0000:00:03.0 eth0: Intel(R) PRO/1000 Network Connection
[    3.822089] mptbase: ioc0: Initiating bringup
[    3.973849] ioc0: LSI53C1030 A0: Capabilities={Initiator}
[    4.574495] scsi host2: ioc0: LSI53C1030 A0, FwRev=00000000h, Ports=1, MaxQ=256, IRQ=20
[    4.917564] scsi 2:0:0:0: Direct-Access     VBOX     HARDDISK         1.0  PQ: 0 ANSI: 5
[    4.936207] scsi target2:0:0: Beginning Domain Validation
[    4.963980] scsi target2:0:0: Domain Validation skipping write tests
[    4.972569] scsi target2:0:0: Ending Domain Validation
[    4.979149] scsi target2:0:0: asynchronous
[    4.989045] scsi 2:0:1:0: Direct-Access     VBOX     HARDDISK         1.0  PQ: 0 ANSI: 5
[    4.997861] scsi target2:0:1: Beginning Domain Validation
[    5.022689] scsi target2:0:1: Domain Validation skipping write tests
[    5.033880] scsi target2:0:1: Ending Domain Validation
[    5.040144] scsi target2:0:1: asynchronous
[    5.078142] sd 2:0:0:0: Attached scsi generic sg0 type 0
[    5.085904] sd 2:0:1:0: Attached scsi generic sg1 type 0
[    5.093102] sd 2:0:1:0: [sdb] 20480 512-byte logical blocks: (10.5 MB/10.0 MiB)
[    5.102418] sd 2:0:0:0: [sda] 20971520 512-byte logical blocks: (10.7 GB/10.0 GiB)
[    5.115692] sd 2:0:1:0: [sdb] Write Protect is off
[    5.123460] sd 2:0:0:0: [sda] Write Protect is off
[    5.149569] sd 2:0:1:0: [sdb] Incomplete mode parameter data
[    5.156819] sd 2:0:1:0: [sdb] Assuming drive cache: write through
[    5.168487] sd 2:0:0:0: [sda] Incomplete mode parameter data
[    5.174772] sd 2:0:0:0: [sda] Assuming drive cache: write through
[    5.194996] sd 2:0:1:0: [sdb] Attached SCSI disk
[    5.205134]  sda: sda1
[    5.212378] sd 2:0:0:0: [sda] Attached SCSI disk
[    5.847688] e1000 0000:00:08.0 eth1: (PCI:33MHz:32-bit) 08:00:27:12:ad:a7
[    5.856603] e1000 0000:00:08.0 eth1: Intel(R) PRO/1000 Network Connection
[    5.866800] e1000 0000:00:03.0 enp0s3: renamed from eth0
[    5.889045] e1000 0000:00:08.0 enp0s8: renamed from eth1
Begin: Loading essential drivers ... [    7.771277] md: linear personality registered for level -1
[    7.785140] md: multipath personality registered for level -4
[    7.796973] md: raid0 personality registered for level 0
[    7.821316] md: raid1 personality registered for level 1
[    8.244920] raid6: sse2x1   gen() 48078 MB/s
[   10.242797] raid6: sse2x1   xor() 93678 MB/s
[   11.243954] raid6: sse2x2   gen() 136916 MB/s
[   13.243273] raid6: sse2x2   xor() 107613 MB/s
[   13.319305] raid6: sse2x4   gen() 10103 MB/s
[   13.394701] raid6: sse2x4   xor()  7586 MB/s
[   13.400174] raid6: using algorithm sse2x2 gen() 136916 MB/s
[   13.405966] raid6: .... xor() 107613 MB/s, rmw enabled
[   13.411317] raid6: using ssse3x2 recovery algorithm
[   13.421575] xor: measuring software checksum speed
[   13.464722]    prefetch64-sse: 10965.000 MB/sec
[   13.508675]    generic_sse: 12463.000 MB/sec
[   13.513762] xor: using function: generic_sse (12463.000 MB/sec)
[   13.523534] async_tx: api initialized (async)
[   13.579187] md: raid6 personality registered for level 6
[   13.585804] md: raid5 personality registered for level 5
[   13.591423] md: raid4 personality registered for level 4
[   13.623388] md: raid10 personality registered for level 10
done.
Begin: Running /scripts/init-premount ... done.
Begin: Mounting root file system ... Begin: Running /scripts/local-top ... done.
Begin: Running /scripts/local-premount ... [   13.723737] Btrfs loaded
Scanning for Btrfs filesystems
done.
Warning: fsck not present, so skipping root file system
[   13.811693] EXT4-fs (sda1): mounted filesystem with ordered data mode. Opts: (null)
done.
Begin: Running /scripts/local-bottom ... done.
Begin: Running /scripts/init-bottom ... done.
[   14.118562] systemd[1]: systemd 229 running in system mode. (+PAM +AUDIT +SELINUX +IMA +APPARMOR +SMACK +SYSVINIT +UTMP +LIBCRYPTSETUP +GCRYPT +GNUTLS +ACL +XZ -LZ4 +SECCOMP +BLKID +ELFUTILS +KMOD -IDN)
[   14.139590] systemd[1]: Detected virtualization oracle.
[   14.146840] systemd[1]: Detected architecture x86-64.

Welcome to [1mUbuntu 16.04.7 LTS[0m!

[   14.169481] systemd[1]: Set hostname to <ubuntu-server-01>.
[   14.543094] systemd[1]: Reached target Encrypted Volumes.
[[0;32m  OK  [0m] Reached target Encrypted Volumes.
[   14.557737] systemd[1]: Listening on Syslog Socket.
[[0;32m  OK  [0m] Listening on Syslog Socket.
[   14.570432] systemd[1]: Set up automount Arbitrary Executable File Formats File System Automount Point.
[[0;32m  OK  [0m] Set up automount Arbitrary Executab...ats File System Automount Point.
[   14.589890] systemd[1]: Listening on Journal Socket.
[[0;32m  OK  [0m] Listening on Journal Socket.
[   14.602687] systemd[1]: Reached target System Time Synchronized.
[[0;32m  OK  [0m] Reached target System Time Synchronized.
[   14.617219] systemd[1]: Listening on udev Kernel Socket.
[[0;32m  OK  [0m] Listening on udev Kernel Socket.
[   14.630296] systemd[1]: Reached target Swap.
[[0;32m  OK  [0m] Reached target Swap.
[   14.642158] systemd[1]: Listening on LVM2 poll daemon socket.
[[0;32m  OK  [0m] Listening on LVM2 poll daemon socket.
[   14.656054] systemd[1]: Created slice User and Session Slice.
[[0;32m  OK  [0m] Created slice User and Session Slice.
[   14.671296] systemd[1]: Started Forward Password Requests to Wall Directory Watch.
[[0;32m  OK  [0m] Started Forward Password Requests to Wall Directory Watch.
[   14.688981] systemd[1]: Started Trigger resolvconf update for networkd DNS.
[[0;32m  OK  [0m] Started Trigger resolvconf update for networkd DNS.
[   14.704696] systemd[1]: Created slice System Slice.
[[0;32m  OK  [0m] Created slice System Slice.
[   14.728527] systemd[1]: Mounting POSIX Message Queue File System...
         Mounting POSIX Message Queue File System...
[   14.748976] systemd[1]: Starting Uncomplicated firewall...
         Starting Uncomplicated firewall...
[   14.768728] systemd[1]: Mounting Debug File System...
         Mounting Debug File System...
[   14.781719] systemd[1]: Starting Remount Root and Kernel File Systems...
         Starting Remount Root and Kernel File Systems...[   14.795641] EXT4-fs (sda1): re-mounted. Opts: (null)

[   14.801671] systemd[1]: Starting Set console keymap...
         Starting Set console keymap...
[   14.849770] systemd[1]: Starting Create list of required static device nodes for the current kernel...
         Starting Create list of required st... nodes for the current kernel...
[   14.873246] systemd[1]: Listening on /dev/initctl Compatibility Named Pipe.
[[0;32m  OK  [0m] Listening on /dev/initctl Compatibility Named Pipe.
[   14.889960] systemd[1]: Starting Nameserver information manager...
         Starting Nameserver information manager...
[   14.902553] systemd[1]: Listening on Journal Audit Socket.
[[0;32m  OK  [0m] Listening on Journal Audit Socket.
[   14.917260] systemd[1]: Listening on udev Control Socket.
[[0;32m  OK  [0m] Listening on udev Control Socket.
[   14.931392] systemd[1]: Created slice system-serial\x2dgetty.slice.
[[0;32m  OK  [0m] Created slice system-serial\x2dgetty.slice.
[   14.946956] systemd[1]: Listening on Device-mapper event daemon FIFOs.
[[0;32m  OK  [0m] Listening on Device-mapper event daemon FIFOs.
[   14.973072] systemd[1]: Mounting Huge Pages File System...
         Mounting Huge Pages File System...
[   14.984717] systemd[1]: Reached target User and Group Name Lookups.
[[0;32m  OK  [0m] Reached target User and Group Name Lookups.
[   14.998689] systemd[1]: Listening on Journal Socket (/dev/log).
[[0;32m  OK  [0m] Listening on Journal Socket (/dev/log).
[   15.014925] systemd[1]: Starting Journal Service...
         Starting Journal Service...
[   15.031577] systemd[1]: Listening on LVM2 metadata daemon socket.
[[0;32m  OK  [0m] Listening on LVM2 metadata daemon socket.
[   15.053529] systemd[1]: Starting Monitoring of LVM2 mirrors, snapshots etc. using dmeventd or progress polling...
         Starting Monitoring of LVM2 mirrors... dmeventd or progress polling...
[   15.078106] systemd[1]: Reached target Slices.
[[0;32m  OK  [0m] Reached target Slices.
[   15.116401] systemd[1]: Starting Load Kernel Modules...
         Starting Load Kernel Modules...
[   15.135370] systemd[1]: Mounted Debug File System.
[[   15.144400] Loading iSCSI transport class v2.0-870.
[0;32m  OK  [0m] Mounted Debug File System.
[   15.155505] systemd[1]: Mounted Huge Pages File System.
[[0;32m  OK  [0m] Mounted Huge Pages File System.
[   15.166442] random: nonblocking pool is initialized
[   15.172851] systemd[1]: Mounted POSIX Message Queue File System.
[[0;32m  OK  [0m] Mounted POSIX Message Queue File System.
[   15.185231] systemd[1]: Started Journal Service.
[   15.193176] iscsi: registered transport (tcp)
[[0;32m  OK  [0m] Started Journal Service.
[[0;32m  OK  [0m] Started Uncomplicated firewall.
[[0;32m  OK  [0m] Started Remount Root and Kernel File Systems.
[[0;32m  OK  [0m] Started Set console keymap.
[[0;32m  OK  [0m] Started Create list of required sta...ce nodes for the current kernel.
[[0;32m  OK  [0m] Started Nameserver information manager.
[[0;32m  OK  [0m] Started LVM2 metadata daemon.
         Starting Create Static Device Nodes in /dev...
         Starting Load/Save Random Seed...
         Starting udev Coldplug all Devices...
         Starting Flush Journal to Persistent Storage...
[[0;32m  OK  [0m] Started Load/Save Random Seed.
[   15.380721] iscsi: registered transport (iser)
[   15.382339] systemd-journald[381]: Received request to flush runtime journal from PID 1
[[0;32m  OK  [0m] Started Flush Journal to Persistent Storage.
[[0;32m  OK  [0m] Started Load Kernel Modules.
         Starting Apply Kernel Variables...
         Mounting FUSE Control File System...
[[0;32m  OK  [0m] Mounted FUSE Control File System.
[[0;32m  OK  [0m] Started Create Static Device Nodes in /dev.
         Starting udev Kernel Device Manager...
[[0;32m  OK  [0m] Started Apply Kernel Variables.
[[0;32m  OK  [0m] Started Monitoring of LVM2 mirrors,...ng dmeventd or progress polling.
[[0;32m  OK  [0m] Reached target Local File Systems (Pre).
[[0;32m  OK  [0m] Reached target Local File Systems.
         Starting Initial cloud-init job (pre-networking)...
         Starting Tell Plymouth To Write Out Runtime Data...
         Starting LSB: AppArmor initialization...
         Starting Create Volatile Files and Directories...
         Starting Set console font and keymap...
         Mounting /vagrant...
[[0;32m  OK  [0m] Started udev Coldplug all Devices.
[[0;32m  OK  [0m] Started Tell Plymouth To Write Out Runtime Data.
[[0;1;31mFAILED[0m] Failed to mount /vagrant.
See 'systemctl status vagrant.mount' for details.
[[0;32m  OK  [0m] Started udev Kernel Device Manager.
[[0;32m  OK  [0m] Started Dispatch Password Requests to Console Directory Watch.
[[0;32m  OK  [0m] Started Create Volatile Files and Directories.
         Starting Update UTMP about System Boot/Shutdown...
[[0;32m  OK  [0m] Started Update UTMP about System Boot/Shutdown.
[[0;32m  OK  [0m] Started LSB: AppArmor initialization.
         Starting Load AppArmor profiles managed internally by snapd...
[[0;32m  OK  [0m] Started Load AppArmor profiles managed internally by snapd.
[[0;32m  OK  [0m] Found device /dev/ttyS0.
[[0;32m  OK  [0m] Listening on Load/Save RF Kill Switch Status /dev/rfkill Watch.
[[0;32m  OK  [0m] Found device 82540EM Gigabit Ethern...r (PRO/1000 MT Desktop Adapter).
[   18.657251] cloud-init[447]: Cloud-init v. 20.3-2-g371b392c-0ubuntu1~16.04.1 running 'init-local' at Wed, 30 Sep 2020 02:58:55 +0000. Up 18.14 seconds.
[[0;32m  OK  [0m] Found device 82540EM Gigabit Ethern...r (PRO/1000 MT Desktop Adapter).
[[0;32m  OK  [0m] Started Initial cloud-init job (pre-networking).
[[0;32m  OK  [0m] Reached target Network (Pre).
         Starting Raise network interfaces...
[[0;32m  OK  [0m] Started ifup for enp0s3.
[[0;32m  OK  [0m] Started ifup for enp0s8.
[[0;32m  OK  [0m] Started Set console font and keymap.
[[0;32m  OK  [0m] Created slice system-getty.slice.
[[0;32m  OK  [0m] Started Raise network interfaces.
[[0;32m  OK  [0m] Reached target Network.
         Starting Initial cloud-init job (metadata service crawler)...
[   20.805297] cloud-init[1075]: Cloud-init v. 20.3-2-g371b392c-0ubuntu1~16.04.1 running 'init' at Wed, 30 Sep 2020 02:58:57 +0000. Up 20.36 seconds.
[   20.813432] cloud-init[1075]: ci-info: ++++++++++++++++++++++++++++++++++++++Net device info+++++++++++++++++++++++++++++++++++++++
[   20.821056] cloud-init[1075]: ci-info: +--------+------+-----------------------------+---------------+--------+-------------------+
[   20.828823] cloud-init[1075]: ci-info: | Device |  Up  |           Address           |      Mask     | Scope  |     Hw-Address    |
[   20.836040] cloud-init[1075]: ci-info: +--------+------+-----------------------------+---------------+--------+-------------------+
[   20.844058] cloud-init[1075]: ci-info: | enp0s3 | True |          10.0.2.15          | 255.255.255.0 | global | 02:83:3c:85:18:ff |
[   20.851456] cloud-init[1075]: ci-info: | enp0s3 | True |  fe80::83:3cff:fe85:18ff/64 |       .       |  link  | 02:83:3c:85:18:ff |
[   20.859152] cloud-init[1075]: ci-info: | enp0s8 | True |         192.168.1.44        | 255.255.255.0 | global | 08:00:27:12:ad:a7 |
[   20.866729] cloud-init[1075]: ci-info: | enp0s8 | True | fe80::a00:27ff:fe12:ada7/64 |       .       |  link  | 08:00:27:12:ad:a7 |
[   20.874378] cloud-init[1075]: ci-info: |   lo   | True |          127.0.0.1          |   255.0.0.0   |  host  |         .         |
[   20.881203] cloud-init[1075]: ci-info: |   lo   | True |           ::1/128           |       .       |  host  |         .         |
[   20.889020] cloud-init[1075]: ci-info: +--------+------+-----------------------------+---------------+--------+-------------------+
[   20.896317] cloud-init[1075]: ci-info: +++++++++++++++++++++++++++Route IPv4 info++++++++++++++++++++++++++++
[   20.902760] cloud-init[1075]: ci-info: +-------+-------------+----------+---------------+-----------+-------+
[   20.909607] cloud-init[1075]: ci-info: | Route | Destination | Gateway  |    Genmask    | Interface | Flags |
[   20.916411] cloud-init[1075]: ci-info: +-------+-------------+----------+---------------+-----------+-------+
[   20.923309] cloud-init[1075]: ci-info: |   0   |   0.0.0.0   | 10.0.2.2 |    0.0.0.0    |   enp0s3  |   UG  |
[   20.930175] cloud-init[1075]: ci-info: |   1   |   10.0.2.0  | 0.0.0.0  | 255.255.255.0 |   enp0s3  |   U   |
[   20.936889] cloud-init[1075]: ci-info: |   2   | 192.168.1.0 | 0.0.0.0  | 255.255.255.0 |   enp0s8  |   U   |
[   20.943276] cloud-init[1075]: ci-info: +-------+-------------+----------+---------------+-----------+-------+
[   20.949903] cloud-init[1075]: ci-info: +++++++++++++++++++Route IPv6 info+++++++++++++++++++
[   20.955389] cloud-init[1075]: ci-info: +-------+-------------+---------+-----------+-------+
[   20.961574] cloud-init[1075]: ci-info: | Route | Destination | Gateway | Interface | Flags |
[   20.967154] cloud-init[1075]: ci-info: +-------+-------------+---------+-----------+-------+
[   20.973452] cloud-init[1075]: ci-info: |   0   |  fe80::/64  |    ::   |   enp0s3  |   U   |
[   20.979605] cloud-init[1075]: ci-info: |   1   |  fe80::/64  |    ::   |   enp0s8  |   U   |
[   20.985997] cloud-init[1075]: ci-info: |   4   |   ff00::/8  |    ::   |   enp0s3  |   U   |
[   20.992106] cloud-init[1075]: ci-info: |   5   |   ff00::/8  |    ::   |   enp0s8  |   U   |
[   20.997983] cloud-init[1075]: ci-info: +-------+-------------+---------+-----------+-------+
[[0;32m  OK  [0m] Started Initial cloud-init job (metadata service crawler).
[[0;32m  OK  [0m] Reached target System Initialization.
[[0;32m  OK  [0m] Started Message of the Day.
[[0;32m  OK  [0m] Listening on ACPID Listen Socket.
[[0;32m  OK  [0m] Listening on D-Bus System Message Bus Socket.
[[0;32m  OK  [0m] Started ACPI Events Check.
[[0;32m  OK  [0m] Reached target Paths.
         Starting Socket activation for snappy daemon.
         Starting LXD - unix socket.
[[0;32m  OK  [0m] Listening on UUID daemon activation socket.
[[0;32m  OK  [0m] Started Daily Cleanup of Temporary Directories.
[[0;32m  OK  [0m] Started Daily apt download activities.
[[0;32m  OK  [0m] Started Daily apt upgrade and clean activities.
[[0;32m  OK  [0m] Reached target Timers.
[[0;32m  OK  [0m] Reached target Cloud-config availability.
[[0;32m  OK  [0m] Reached target Network is Online.
         Starting iSCSI initiator daemon (iscsid)...
[[0;32m  OK  [0m] Listening on Socket activation for snappy daemon.
[[0;32m  OK  [0m] Listening on LXD - unix socket.
[[0;32m  OK  [0m] Reached target Sockets.
[[0;32m  OK  [0m] Reached target Basic System.
         Starting Login Service...
         Starting LXD - container startup/shutdown...
         Starting LSB: Record successful boot for GRUB...
         Starting /etc/rc.local Compatibility...
         Starting Accounts Service...
[[0;32m  OK  [0m] Started Regular background program processing daemon.
         Starting System Logging Service...
         Starting OpenBSD Secure Shell server...
[[0;32m  OK  [0m] Started ACPI event daemon.
         Starting Virtualbox guest utils...
[[0;32m  OK  [0m] Started D-Bus System Message Bus.
[[0;32m  OK  [0m] Started Deferred execution scheduler.
[[0;32m  OK  [0m] Started FUSE filesystem for LXC.
         Starting LSB: MD monitoring daemon...
         Starting Snap Daemon...
[[0;32m  OK  [0m] Started System Logging Service.
[[0;32m  OK  [0m] Started iSCSI initiator daemon (iscsid).
[[0;32m  OK  [0m] Started /etc/rc.local Compatibility.
[[0;32m  OK  [0m] Started LXD - container startup/shutdown.
[[0;32m  OK  [0m] Started OpenBSD Secure Shell server.
[[0;32m  OK  [0m] Started Login Service.
[[0;32m  OK  [0m] Started Unattended Upgrades Shutdown.
         Starting Authenticate and Authorize Users to Run Privileged Tasks...
         Starting Login to default iSCSI targets...
[[0;32m  OK  [0m] Started LSB: Record successful boot for GRUB.
[[0;32m  OK  [0m] Started LSB: MD monitoring daemon.
[[0;32m  OK  [0m] Started Authenticate and Authorize Users to Run Privileged Tasks.
[[0;32m  OK  [0m] Started Accounts Service.
[[0;32m  OK  [0m] Started Login to default iSCSI targets.
[[0;32m  OK  [0m] Reached target Remote File Systems (Pre).
[[0;32m  OK  [0m] Reached target Remote File Systems.
         Starting LSB: Set the CPU Frequency Scaling governor to "ondemand"...
         Starting LSB: daemon to balance interrupts for SMP systems...
         Starting Permit User Sessions...
         Starting LSB: automatic crash report generation...
[[0;32m  OK  [0m] Started Permit User Sessions.
         Starting Terminate Plymouth Boot Screen...
         Starting Hold until boot process finishes up...
[[0;32m  OK  [0m] Started Terminate Plymouth Boot Screen.
[[0;32m  OK  [0m] Started Hold until boot process finishes up.
         Starting Set console scheme...
[[0;32m  OK  [0m] Started Serial Getty on ttyS0.
[[0;32m  OK  [0m] Started Getty on tty1.
[[0;32m  OK  [0m] Reached target Login Prompts.
[[0;32m  OK  [0m] Started Set console scheme.
[[0;32m  OK  [0m] Started LSB: Set the CPU Frequency Scaling governor to "ondemand".
[[0;32m  OK  [0m] Started Virtualbox guest utils.
[[0;32m  OK  [0m] Started LSB: daemon to balance interrupts for SMP systems.
[[0;32m  OK  [0m] Started LSB: automatic crash report generation.
[[0;1;31mFAILED[0m] Failed to start Snap Daemon.
See 'systemctl status snapd.service' for details.
         Starting Failure handling of the snapd snap...
         Starting Wait until snapd is fully seeded...
[[0;32m  OK  [0m] Stopped Snap Daemon.
         Starting Snap Daemon...
[[0;32m  OK  [0m] Started Failure handling of the snapd snap.
[[0;32m  OK  [0m] Started Snap Daemon.
[[0;1;31mFAILED[0m] Failed to start Wait until snapd is fully seeded.
See 'systemctl status snapd.seeded.service' for details.
         Starting Apply the settings specified in cloud-config...
[[0;32m  OK  [0m] Reached target Multi-User System.
[[0;32m  OK  [0m] Reached target Graphical Interface.
         Starting Update UTMP about System Runlevel Changes...
[[0;32m  OK  [0m] Started Update UTMP about System Runlevel Changes.
[   23.651622] cloud-init[1356]: Cloud-init v. 20.3-2-g371b392c-0ubuntu1~16.04.1 running 'modules:config' at Wed, 30 Sep 2020 02:59:00 +0000. Up 23.50 seconds.
[[0;32m  OK  [0m] Started Apply the settings specified in cloud-config.
         Starting Execute cloud user/final scripts...
[   24.333987] cloud-init[1367]: Cloud-init v. 20.3-2-g371b392c-0ubuntu1~16.04.1 running 'modules:final' at Wed, 30 Sep 2020 02:59:01 +0000. Up 24.16 seconds.
[   24.346513] cloud-init[1367]: Cloud-init v. 20.3-2-g371b392c-0ubuntu1~16.04.1 finished at Wed, 30 Sep 2020 02:59:01 +0000. Datasource DataSourceNoCloud [seed=/dev/sdb][dsmode=net].  Up 24.32 seconds
[[0;32m  OK  [0m] Started Execute cloud user/final scripts.
[[0;32m  OK  [0m] Reached target Cloud-init target.

Ubuntu 16.04.7 LTS ubuntu-server-01 ttyS0

ubuntu-server-01 login: 